<?xml version="1.0" encoding="UTF-8"?>
<testng-results skipped="0" failed="0" total="2" passed="2">
  <reporter-output>
  </reporter-output>
  <suite name="TestSuite" duration-ms="71543" started-at="2020-04-09T10:55:28Z" finished-at="2020-04-09T10:56:39Z">
    <groups>
    </groups>
    <test name="ChromeTest" duration-ms="68234" started-at="2020-04-09T10:55:28Z" finished-at="2020-04-09T10:56:36Z">
      <class name="com.parallel.tests.Login">
        <test-method status="PASS" signature="openLoginPage(java.lang.String)[pri:0, instance:com.parallel.tests.Login@548b7f67]" name="openLoginPage" is-config="true" duration-ms="24957" started-at="2020-04-09T16:25:28Z" finished-at="2020-04-09T16:25:53Z">
          <params>
            <param index="0">
              <value>
                <![CDATA[Chrome]]>
              </value>
            </param>
          </params>
          <reporter-output>
          </reporter-output>
        </test-method> <!-- openLoginPage -->
        <test-method status="PASS" signature="verifyLogin()[pri:0, instance:com.parallel.tests.Login@548b7f67]" name="verifyLogin" duration-ms="43229" started-at="2020-04-09T16:25:53Z" finished-at="2020-04-09T16:26:36Z">
          <reporter-output>
          </reporter-output>
        </test-method> <!-- verifyLogin -->
      </class> <!-- com.parallel.tests.Login -->
    </test> <!-- ChromeTest -->
    <test name="FirefoxTest" duration-ms="71543" started-at="2020-04-09T10:55:28Z" finished-at="2020-04-09T10:56:39Z">
      <class name="com.parallel.tests.Login">
        <test-method status="PASS" signature="openLoginPage(java.lang.String)[pri:0, instance:com.parallel.tests.Login@4520ebad]" name="openLoginPage" is-config="true" duration-ms="28624" started-at="2020-04-09T16:25:28Z" finished-at="2020-04-09T16:25:56Z">
          <params>
            <param index="0">
              <value>
                <![CDATA[Firefox]]>
              </value>
            </param>
          </params>
          <reporter-output>
          </reporter-output>
        </test-method> <!-- openLoginPage -->
        <test-method status="PASS" signature="verifyLogin()[pri:0, instance:com.parallel.tests.Login@4520ebad]" name="verifyLogin" duration-ms="42912" started-at="2020-04-09T16:25:56Z" finished-at="2020-04-09T16:26:39Z">
          <reporter-output>
          </reporter-output>
        </test-method> <!-- verifyLogin -->
      </class> <!-- com.parallel.tests.Login -->
    </test> <!-- FirefoxTest -->
  </suite> <!-- TestSuite -->
</testng-results>
