<?xml version="1.0" encoding="UTF-8"?>
<testng-results skipped="0" failed="0" total="2" passed="2">
  <reporter-output>
  </reporter-output>
  <suite name="Suite" duration-ms="275340" started-at="2020-04-12T18:47:17Z" finished-at="2020-04-12T18:51:52Z">
    <groups>
    </groups>
    <test name="FirefoxTest" duration-ms="77239" started-at="2020-04-12T18:47:17Z" finished-at="2020-04-12T18:48:34Z">
      <class name="com.empirix.test.NewTest">
        <test-method status="PASS" signature="open_Website(java.lang.String)[pri:0, instance:com.empirix.test.NewTest@68c4039c]" name="open_Website" is-config="true" duration-ms="32930" started-at="2020-04-13T00:17:17Z" finished-at="2020-04-13T00:17:50Z">
          <params>
            <param index="0">
              <value>
                <![CDATA[FireFox]]>
              </value>
            </param>
          </params>
          <reporter-output>
          </reporter-output>
        </test-method> <!-- open_Website -->
        <test-method status="PASS" signature="verify_Login()[pri:0, instance:com.empirix.test.NewTest@68c4039c]" name="verify_Login" duration-ms="43290" started-at="2020-04-13T00:17:50Z" finished-at="2020-04-13T00:18:33Z">
          <reporter-output>
          </reporter-output>
        </test-method> <!-- verify_Login -->
        <test-method status="PASS" signature="afterTest()[pri:0, instance:com.empirix.test.NewTest@68c4039c]" name="afterTest" is-config="true" duration-ms="987" started-at="2020-04-13T00:18:33Z" finished-at="2020-04-13T00:18:34Z">
          <reporter-output>
          </reporter-output>
        </test-method> <!-- afterTest -->
      </class> <!-- com.empirix.test.NewTest -->
    </test> <!-- FirefoxTest -->
    <test name="ChromeTest" duration-ms="275340" started-at="2020-04-12T18:47:17Z" finished-at="2020-04-12T18:51:52Z">
      <class name="com.empirix.test.NewTest">
        <test-method status="PASS" signature="open_Website(java.lang.String)[pri:0, instance:com.empirix.test.NewTest@6767c1fc]" name="open_Website" is-config="true" duration-ms="214859" started-at="2020-04-13T00:17:17Z" finished-at="2020-04-13T00:20:52Z">
          <params>
            <param index="0">
              <value>
                <![CDATA[Chrome]]>
              </value>
            </param>
          </params>
          <reporter-output>
          </reporter-output>
        </test-method> <!-- open_Website -->
        <test-method status="PASS" signature="verify_Login()[pri:0, instance:com.empirix.test.NewTest@6767c1fc]" name="verify_Login" duration-ms="60275" started-at="2020-04-13T00:20:52Z" finished-at="2020-04-13T00:21:52Z">
          <reporter-output>
          </reporter-output>
        </test-method> <!-- verify_Login -->
        <test-method status="PASS" signature="afterTest()[pri:0, instance:com.empirix.test.NewTest@6767c1fc]" name="afterTest" is-config="true" duration-ms="200" started-at="2020-04-13T00:21:52Z" finished-at="2020-04-13T00:21:52Z">
          <reporter-output>
          </reporter-output>
        </test-method> <!-- afterTest -->
      </class> <!-- com.empirix.test.NewTest -->
    </test> <!-- ChromeTest -->
  </suite> <!-- Suite -->
</testng-results>
